Traceback (most recent call last):
  File "/home/student/Desktop/Advanced-Netman/NSOT/python-files/fetch_current_state.py", line 1, in <module>
    import pandas as pd
ModuleNotFoundError: No module named 'pandas'
Traceback (most recent call last):
  File "/home/student/Desktop/Advanced-Netman/NSOT/python-files/fetch_current_state.py", line 1, in <module>
    import pandas as pd
ModuleNotFoundError: No module named 'pandas'
Traceback (most recent call last):
  File "/home/student/Desktop/Advanced-Netman/NSOT/python-files/fetch_current_state.py", line 1, in <module>
    import pandas as pd
ModuleNotFoundError: No module named 'pandas'
Traceback (most recent call last):
  File "/home/student/Desktop/Advanced-Netman/NSOT/python-files/fetch_current_state.py", line 1, in <module>
    import pandas as pd
ModuleNotFoundError: No module named 'pandas'
Traceback (most recent call last):
  File "/home/student/Desktop/Advanced-Netman/NSOT/python-files/fetch_current_state.py", line 1, in <module>
    import pandas as pd
ModuleNotFoundError: No module named 'pandas'
Traceback (most recent call last):
  File "/home/student/Desktop/Advanced-Netman/NSOT/python-files/fetch_current_state.py", line 1, in <module>
    import pandas as pd
ModuleNotFoundError: No module named 'pandas'
Traceback (most recent call last):
  File "/home/student/Desktop/Advanced-Netman/NSOT/python-files/fetch_current_state.py", line 1, in <module>
    import pandas as pd
ModuleNotFoundError: No module named 'pandas'
Traceback (most recent call last):
  File "/home/student/Desktop/Advanced-Netman/NSOT/python-files/fetch_current_state.py", line 1, in <module>
    import pandas as pd
ModuleNotFoundError: No module named 'pandas'
Traceback (most recent call last):
  File "/home/student/Desktop/Advanced-Netman/NSOT/python-files/fetch_current_state.py", line 1, in <module>
    import pandas as pd
ModuleNotFoundError: No module named 'pandas'
Traceback (most recent call last):
  File "/home/student/Desktop/Advanced-Netman/NSOT/python-files/fetch_current_state.py", line 1, in <module>
    import pandas as pd
ModuleNotFoundError: No module named 'pandas'
Traceback (most recent call last):
  File "/home/student/Desktop/Advanced-Netman/NSOT/python-files/fetch_current_state.py", line 1, in <module>
    import pandas as pd
ModuleNotFoundError: No module named 'pandas'
Traceback (most recent call last):
  File "/home/student/Desktop/Advanced-Netman/NSOT/python-files/fetch_current_state.py", line 1, in <module>
    import pandas as pd
ModuleNotFoundError: No module named 'pandas'
Traceback (most recent call last):
  File "/home/student/Desktop/Advanced-Netman/NSOT/python-files/fetch_current_state.py", line 1, in <module>
    import pandas as pd
ModuleNotFoundError: No module named 'pandas'
Traceback (most recent call last):
  File "/home/student/Desktop/Advanced-Netman/NSOT/python-files/fetch_current_state.py", line 1, in <module>
    import pandas as pd
ModuleNotFoundError: No module named 'pandas'
Traceback (most recent call last):
  File "/home/student/Desktop/Advanced-Netman/NSOT/python-files/fetch_current_state.py", line 1, in <module>
    import pandas as pd
ModuleNotFoundError: No module named 'pandas'
Traceback (most recent call last):
  File "/home/student/Desktop/Advanced-Netman/NSOT/python-files/fetch_current_state.py", line 1, in <module>
    import pandas as pd
ModuleNotFoundError: No module named 'pandas'
Traceback (most recent call last):
  File "/home/student/Desktop/Advanced-Netman/NSOT/python-files/fetch_current_state.py", line 1, in <module>
    import pandas as pd
ModuleNotFoundError: No module named 'pandas'
Traceback (most recent call last):
  File "/home/student/Desktop/Advanced-Netman/NSOT/python-files/fetch_current_state.py", line 1, in <module>
    import pandas as pd
ModuleNotFoundError: No module named 'pandas'
Traceback (most recent call last):
  File "/home/student/Desktop/Advanced-Netman/NSOT/python-files/fetch_current_state.py", line 1, in <module>
    import pandas as pd
ModuleNotFoundError: No module named 'pandas'
Traceback (most recent call last):
  File "/home/student/Desktop/Advanced-Netman/NSOT/python-files/fetch_current_state.py", line 1, in <module>
    import pandas as pd
ModuleNotFoundError: No module named 'pandas'
Traceback (most recent call last):
  File "/home/student/Desktop/Advanced-Netman/NSOT/python-files/fetch_current_state.py", line 1, in <module>
    import pandas as pd
ModuleNotFoundError: No module named 'pandas'
Traceback (most recent call last):
  File "/home/student/Desktop/Advanced-Netman/NSOT/python-files/fetch_current_state.py", line 1, in <module>
    import pandas as pd
ModuleNotFoundError: No module named 'pandas'
Traceback (most recent call last):
  File "/home/student/Desktop/Advanced-Netman/NSOT/python-files/fetch_current_state.py", line 1, in <module>
    import pandas as pd
ModuleNotFoundError: No module named 'pandas'
Traceback (most recent call last):
  File "/home/student/Desktop/Advanced-Netman/NSOT/python-files/fetch_current_state.py", line 1, in <module>
    import pandas as pd
ModuleNotFoundError: No module named 'pandas'
Traceback (most recent call last):
  File "/home/student/Desktop/Advanced-Netman/NSOT/python-files/fetch_current_state.py", line 1, in <module>
    import pandas as pd
ModuleNotFoundError: No module named 'pandas'
Traceback (most recent call last):
  File "/home/student/Desktop/Advanced-Netman/NSOT/python-files/fetch_current_state.py", line 1, in <module>
    import pandas as pd
ModuleNotFoundError: No module named 'pandas'
Traceback (most recent call last):
  File "/home/student/Desktop/Advanced-Netman/NSOT/python-files/fetch_current_state.py", line 1, in <module>
    import pandas as pd
ModuleNotFoundError: No module named 'pandas'
Traceback (most recent call last):
  File "/home/student/Desktop/Advanced-Netman/NSOT/python-files/fetch_current_state.py", line 1, in <module>
    import pandas as pd
ModuleNotFoundError: No module named 'pandas'
Traceback (most recent call last):
  File "/home/student/Desktop/Advanced-Netman/NSOT/python-files/fetch_current_state.py", line 1, in <module>
    import pandas as pd
ModuleNotFoundError: No module named 'pandas'
Traceback (most recent call last):
  File "/home/student/Desktop/Advanced-Netman/NSOT/python-files/fetch_current_state.py", line 1, in <module>
    import pandas as pd
ModuleNotFoundError: No module named 'pandas'
Traceback (most recent call last):
  File "/home/student/Desktop/Advanced-Netman/NSOT/python-files/fetch_current_state.py", line 1, in <module>
    import pandas as pd
ModuleNotFoundError: No module named 'pandas'
Traceback (most recent call last):
  File "/home/student/Desktop/Advanced-Netman/NSOT/python-files/fetch_current_state.py", line 1, in <module>
    import pandas as pd
ModuleNotFoundError: No module named 'pandas'
Traceback (most recent call last):
  File "/home/student/Desktop/Advanced-Netman/NSOT/python-files/fetch_current_state.py", line 1, in <module>
    import pandas as pd
ModuleNotFoundError: No module named 'pandas'
Traceback (most recent call last):
  File "/home/student/Desktop/Advanced-Netman/NSOT/python-files/fetch_current_state.py", line 1, in <module>
    import pandas as pd
ModuleNotFoundError: No module named 'pandas'
Traceback (most recent call last):
  File "/home/student/Desktop/Advanced-Netman/NSOT/python-files/fetch_current_state.py", line 1, in <module>
    import pandas as pd
ModuleNotFoundError: No module named 'pandas'
Traceback (most recent call last):
  File "/home/student/Desktop/Advanced-Netman/NSOT/python-files/fetch_current_state.py", line 1, in <module>
    import pandas as pd
ModuleNotFoundError: No module named 'pandas'
Traceback (most recent call last):
  File "/home/student/Desktop/Advanced-Netman/NSOT/python-files/fetch_current_state.py", line 1, in <module>
    import pandas as pd
ModuleNotFoundError: No module named 'pandas'
Traceback (most recent call last):
  File "/home/student/Desktop/Advanced-Netman/NSOT/python-files/fetch_current_state.py", line 1, in <module>
    import pandas as pd
ModuleNotFoundError: No module named 'pandas'
Traceback (most recent call last):
  File "/home/student/Desktop/Advanced-Netman/NSOT/python-files/fetch_current_state.py", line 1, in <module>
    import pandas as pd
ModuleNotFoundError: No module named 'pandas'
Traceback (most recent call last):
  File "/home/student/Desktop/Advanced-Netman/NSOT/python-files/fetch_current_state.py", line 1, in <module>
    import pandas as pd
ModuleNotFoundError: No module named 'pandas'
Traceback (most recent call last):
  File "/home/student/Desktop/Advanced-Netman/NSOT/python-files/fetch_current_state.py", line 1, in <module>
    import pandas as pd
ModuleNotFoundError: No module named 'pandas'
Traceback (most recent call last):
  File "/home/student/Desktop/Advanced-Netman/NSOT/python-files/fetch_current_state.py", line 1, in <module>
    import pandas as pd
ModuleNotFoundError: No module named 'pandas'
Traceback (most recent call last):
  File "/home/student/Desktop/Advanced-Netman/NSOT/python-files/fetch_current_state.py", line 1, in <module>
    import pandas as pd
ModuleNotFoundError: No module named 'pandas'
Traceback (most recent call last):
  File "/home/student/Desktop/Advanced-Netman/NSOT/python-files/fetch_current_state.py", line 1, in <module>
    import pandas as pd
ModuleNotFoundError: No module named 'pandas'
Traceback (most recent call last):
  File "/home/student/Desktop/Advanced-Netman/NSOT/python-files/fetch_current_state.py", line 1, in <module>
    import pandas as pd
ModuleNotFoundError: No module named 'pandas'
Traceback (most recent call last):
  File "/home/student/Desktop/Advanced-Netman/NSOT/python-files/fetch_current_state.py", line 1, in <module>
    import pandas as pd
ModuleNotFoundError: No module named 'pandas'
Traceback (most recent call last):
  File "/home/student/Desktop/Advanced-Netman/NSOT/python-files/fetch_current_state.py", line 1, in <module>
    import pandas as pd
ModuleNotFoundError: No module named 'pandas'
Traceback (most recent call last):
  File "/home/student/Desktop/Advanced-Netman/NSOT/python-files/fetch_current_state.py", line 1, in <module>
    import pandas as pd
ModuleNotFoundError: No module named 'pandas'
Traceback (most recent call last):
  File "/home/student/Desktop/Advanced-Netman/NSOT/python-files/fetch_current_state.py", line 1, in <module>
    import pandas as pd
ModuleNotFoundError: No module named 'pandas'
Traceback (most recent call last):
  File "/home/student/Desktop/Advanced-Netman/NSOT/python-files/fetch_current_state.py", line 1, in <module>
    import pandas as pd
ModuleNotFoundError: No module named 'pandas'
Traceback (most recent call last):
  File "/home/student/Desktop/Advanced-Netman/NSOT/python-files/fetch_current_state.py", line 1, in <module>
    import pandas as pd
ModuleNotFoundError: No module named 'pandas'
Traceback (most recent call last):
  File "/home/student/Desktop/Advanced-Netman/NSOT/python-files/fetch_current_state.py", line 1, in <module>
    import pandas as pd
ModuleNotFoundError: No module named 'pandas'
Traceback (most recent call last):
  File "/home/student/Desktop/Advanced-Netman/NSOT/python-files/fetch_current_state.py", line 1, in <module>
    import pandas as pd
ModuleNotFoundError: No module named 'pandas'
Traceback (most recent call last):
  File "/home/student/Desktop/Advanced-Netman/NSOT/python-files/fetch_current_state.py", line 1, in <module>
    import pandas as pd
ModuleNotFoundError: No module named 'pandas'
Traceback (most recent call last):
  File "/home/student/Desktop/Advanced-Netman/NSOT/python-files/fetch_current_state.py", line 1, in <module>
    import pandas as pd
ModuleNotFoundError: No module named 'pandas'
Traceback (most recent call last):
  File "/home/student/Desktop/Advanced-Netman/NSOT/python-files/fetch_current_state.py", line 1, in <module>
    import pandas as pd
ModuleNotFoundError: No module named 'pandas'
Traceback (most recent call last):
  File "/home/student/Desktop/Advanced-Netman/NSOT/python-files/fetch_current_state.py", line 1, in <module>
    import pandas as pd
ModuleNotFoundError: No module named 'pandas'
Traceback (most recent call last):
  File "/home/student/Desktop/Advanced-Netman/NSOT/python-files/fetch_current_state.py", line 1, in <module>
    import pandas as pd
ModuleNotFoundError: No module named 'pandas'
Traceback (most recent call last):
  File "/home/student/Desktop/Advanced-Netman/NSOT/python-files/fetch_current_state.py", line 1, in <module>
    import pandas as pd
ModuleNotFoundError: No module named 'pandas'
Traceback (most recent call last):
  File "/home/student/Desktop/Advanced-Netman/NSOT/python-files/fetch_current_state.py", line 1, in <module>
    import pandas as pd
ModuleNotFoundError: No module named 'pandas'
Traceback (most recent call last):
  File "/home/student/Desktop/Advanced-Netman/NSOT/python-files/fetch_current_state.py", line 1, in <module>
    import pandas as pd
ModuleNotFoundError: No module named 'pandas'
Traceback (most recent call last):
  File "/home/student/Desktop/Advanced-Netman/NSOT/python-files/fetch_current_state.py", line 1, in <module>
    import pandas as pd
ModuleNotFoundError: No module named 'pandas'
Traceback (most recent call last):
  File "/home/student/Desktop/Advanced-Netman/NSOT/python-files/fetch_current_state.py", line 1, in <module>
    import pandas as pd
ModuleNotFoundError: No module named 'pandas'
Traceback (most recent call last):
  File "/home/student/Desktop/Advanced-Netman/NSOT/python-files/fetch_current_state.py", line 1, in <module>
    import pandas as pd
ModuleNotFoundError: No module named 'pandas'
Traceback (most recent call last):
  File "/home/student/Desktop/Advanced-Netman/NSOT/python-files/fetch_current_state.py", line 1, in <module>
    import pandas as pd
ModuleNotFoundError: No module named 'pandas'
Traceback (most recent call last):
  File "/home/student/Desktop/Advanced-Netman/NSOT/python-files/fetch_current_state.py", line 1, in <module>
    import pandas as pd
ModuleNotFoundError: No module named 'pandas'
Traceback (most recent call last):
  File "/home/student/Desktop/Advanced-Netman/NSOT/python-files/fetch_current_state.py", line 1, in <module>
    import pandas as pd
ModuleNotFoundError: No module named 'pandas'
Traceback (most recent call last):
  File "/home/student/Desktop/Advanced-Netman/NSOT/python-files/fetch_current_state.py", line 1, in <module>
    import pandas as pd
ModuleNotFoundError: No module named 'pandas'
Traceback (most recent call last):
  File "/home/student/Desktop/Advanced-Netman/NSOT/python-files/fetch_current_state.py", line 1, in <module>
    import pandas as pd
ModuleNotFoundError: No module named 'pandas'
Traceback (most recent call last):
  File "/home/student/Desktop/Advanced-Netman/NSOT/python-files/fetch_current_state.py", line 1, in <module>
    import pandas as pd
ModuleNotFoundError: No module named 'pandas'
Traceback (most recent call last):
  File "/home/student/Desktop/Advanced-Netman/NSOT/python-files/fetch_current_state.py", line 1, in <module>
    import pandas as pd
ModuleNotFoundError: No module named 'pandas'
Traceback (most recent call last):
  File "/home/student/Desktop/Advanced-Netman/NSOT/python-files/test_framework.py", line 6, in <module>
    from netmiko import ConnectHandler
ModuleNotFoundError: No module named 'netmiko'
Traceback (most recent call last):
  File "/home/student/Desktop/Advanced-Netman/NSOT/python-files/test_framework.py", line 6, in <module>
    from netmiko import ConnectHandler
ModuleNotFoundError: No module named 'netmiko'
Traceback (most recent call last):
  File "/home/student/Desktop/Advanced-Netman/NSOT/python-files/test_framework.py", line 6, in <module>
    from netmiko import ConnectHandler
ModuleNotFoundError: No module named 'netmiko'
Traceback (most recent call last):
  File "/home/student/Desktop/Advanced-Netman/NSOT/python-files/fetch_current_state.py", line 216, in <module>
    clean_mismatches_directory()
  File "/home/student/Desktop/Advanced-Netman/NSOT/python-files/fetch_current_state.py", line 181, in clean_mismatches_directory
    for file_name in os.listdir(output_directory):
                     ^^^^^^^^^^^^^^^^^^^^^^^^^^^^
FileNotFoundError: [Errno 2] No such file or directory: '/home/student/Desktop/Advanced-Netman/NSOT/python-files/../mismatches'
